<?xml version="1.0" encoding="UTF-8"?>
<!-- Generated by org.testng.reporters.JUnitXMLReporter -->
<testsuite hostname="DESKTOP-L7AGLPD" ignored="0" name="Command line test" tests="2" failures="0" timestamp="2020-10-25T14:30:03 IST" time="0.072" errors="0">
  <testcase name="@BeforeSuite initialize" time="0.14" classname="com.automation.smallcase.qa.test.LoginPageTest">
    <failure type="java.lang.IllegalStateException" message="The driver executable must exist: C:\Users\Anurag Bharti\eclipse-workspace\AutomationSmallcasedrivers\chromedriver.exe">
      <![CDATA[java.lang.IllegalStateException: The driver executable must exist: C:\Users\Anurag Bharti\eclipse-workspace\AutomationSmallcasedrivers\chromedriver.exe
at org.openqa.selenium.internal.Require$FileStateChecker.isFile(Require.java:282)
at org.openqa.selenium.remote.service.DriverService.checkExecutable(DriverService.java:154)
at org.openqa.selenium.remote.service.DriverService.findExecutable(DriverService.java:149)
at org.openqa.selenium.chrome.ChromeDriverService.access$000(ChromeDriverService.java:37)
at org.openqa.selenium.chrome.ChromeDriverService$Builder.findDefaultExecutable(ChromeDriverService.java:222)
at org.openqa.selenium.remote.service.DriverService$Builder.build(DriverService.java:405)
at org.openqa.selenium.chrome.ChromeDriverService.createDefaultService(ChromeDriverService.java:119)
at org.openqa.selenium.chrome.ChromeDriver.<init>(ChromeDriver.java:105)
at com.automation.smallcase.qa.base.BasePage.initializeDriver(BasePage.java:31)
at com.automation.smallcase.qa.test.LoginPageTest.initialize(LoginPageTest.java:21)
... Removed 29 stack frames]]>
    </failure>
  </testcase> <!-- @BeforeSuite initialize -->
  <testcase name="smallcaseAuto" time="0.0" classname="com.automation.smallcase.qa.test.LandingPageTest">
    <skipped/>
  </testcase> <!-- smallcaseAuto -->
  <testcase name="wordpressTest2" time="0.0" classname="com.automation.smallcase.qa.test.LoginPageTest">
    <skipped/>
  </testcase> <!-- wordpressTest2 -->
</testsuite> <!-- Command line test -->
